<?xml version="1.0" encoding="UTF-8"?>
<!-- Generated by org.testng.reporters.JUnitReportReporter -->
<testsuite hostname="LIN65001218" failures="0" tests="3" name="com.ezl.qa.testcases.LoginPageTest" time="26.965" errors="0" timestamp="2021-11-01T15:55:05 IST" skipped="0">
  <testcase classname="com.ezl.qa.testcases.LoginPageTest" name="validateTitleTest" time="6.633"/>
  <system-out/>
  <testcase classname="com.ezl.qa.testcases.LoginPageTest" name="validateLogoTest" time="4.244"/>
  <system-out/>
  <testcase classname="com.ezl.qa.testcases.LoginPageTest" name="loginTest" time="16.088"/>
  <system-out/>
</testsuite> <!-- com.ezl.qa.testcases.LoginPageTest -->
