<?xml version="1.0" encoding="UTF-8"?>
<!-- Generated by org.testng.reporters.JUnitReportReporter -->
<testsuite hostname="LIN65001218" failures="0" tests="1" name="com.ezl.qa.testcases.CoveragePageTest" time="91.604" errors="0" timestamp="2021-11-02T16:07:27 IST" skipped="0">
  <testcase classname="com.ezl.qa.testcases.CoveragePageTest" name="coverageFieldsTest" time="91.604"/>
  <system-out/>
</testsuite> <!-- com.ezl.qa.testcases.CoveragePageTest -->
