<?xml version="1.0" encoding="UTF-8"?>
<!-- Generated by org.testng.reporters.JUnitReportReporter -->
<testsuite hostname="LIN65001218" failures="0" tests="1" name="com.ezl.qa.testcases.IncidentsPageTest" time="79.012" errors="0" timestamp="2021-11-02T14:03:39 IST" skipped="0">
  <testcase classname="com.ezl.qa.testcases.IncidentsPageTest" name="incidentsFieldsTest" time="79.012"/>
  <system-out/>
</testsuite> <!-- com.ezl.qa.testcases.IncidentsPageTest -->
